[35m[Appium][39m Welcome to Appium v1.19.0
[35m[Appium][39m Non-default server args:
[35m[Appium][39m   port: 63725
[35m[Appium][39m   loglevel: info
[35m[Appium][39m   tmpDir: C:\Users\hp\AppData\Local\Temp\\Katalon\Appium\Temp1606399685867
[35m[Appium][39m   chromedriverPort: 63727
[35m[Appium][39m Deprecated server args:
[35m[Appium][39m   [31m--chromedriver-port[39m => --default-capabilities
[35m[Appium][39m Default capabilities, which will be added to each request unless overridden by desired capabilities:
[35m[Appium][39m   chromedriverPort: 63727
[35m[Appium][39m Appium REST http interface listener started on 0.0.0.0:63725
[35m[HTTP][39m [37m-->[39m [37mGET[39m [37m/wd/hub/status[39m
[35m[HTTP][39m [90m{}[39m
[35m[HTTP][39m [37m<-- GET /wd/hub/status [39m[32m200[39m [90m16 ms - 68[39m
[35m[HTTP][39m [90m[39m
[35m[HTTP][39m [37m-->[39m [37mGET[39m [37m/wd/hub/status[39m
[35m[HTTP][39m [90m{}[39m
[35m[HTTP][39m [37m<-- GET /wd/hub/status [39m[32m200[39m [90m3 ms - 68[39m
[35m[HTTP][39m [90m[39m
[35m[HTTP][39m [37m-->[39m [37mPOST[39m [37m/wd/hub/session[39m
[35m[HTTP][39m [90m{"desiredCapabilities":{"app":"C:\\Users\\hp\\Downloads\\ECommerceSAMPLEAndroid-201016-115534.apk","noReset":true,"deviceName":"emulator-5554 (sdk_gphone_x86_arm - Android 11)","fullReset":false,"platform":"ANDROID","newCommandTimeout":1800,"platformVersion":"11","automationName":"uiautomator2","autoGrantPermissions":true,"platformName":"Android","udid":"emulator-5554","systemPort":63750},"capabilities":{"firstMatch":[{"appium:app":"C:\\Users\\hp\\Downloads\\ECommerceSAMPLEAndroid-201016-115534.apk","appium:autoGrantPermissions":true,"appium:automationName":"uiautomator2","appium:deviceName":"emulator-5554 (sdk_gphone_x86_arm - Android 11)","appium:fullReset":false,"appium:newCommandTimeout":1800,"appium:noReset":true,"platform":"ANDROID","platformName":"android","appium:platformVersion":"11","appium:systemPort":63750,"appium:udid":"emulator-5554"}]}}[39m
[35m[BaseDriver][39m The following capabilities are not standard capabilities and should have an extension prefix:
[35m[BaseDriver][39m   platform
[35m[BaseDriver][39m   chromedriverPort
[35m[Appium][39m Appium v1.19.0 creating new AndroidUiautomator2Driver (v1.59.0) session
[35m[BaseDriver][39m The following capabilities were provided, but are not recognized by Appium:
[35m[BaseDriver][39m   platform
[35m[BaseDriver][39m Session created with session id: 3dc69cf8-4797-42ab-a6cb-e245cc796ccc
[35m[BaseDriver][39m Using local app 'C:\Users\hp\Downloads\ECommerceSAMPLEAndroid-201016-115534.apk'
[35m[ADB][39m Found 1 'build-tools' folders under 'C:\Users\hp\.katalon\tools\android_sdk' (newest first):
[35m[ADB][39m     C:/Users/hp/.katalon/tools/android_sdk/build-tools/29.0.0
[35m[ADB][39m Using 'adb.exe' from 'C:\Users\hp\.katalon\tools\android_sdk\platform-tools\adb.exe'
[35m[AndroidDriver][39m Retrieving device list
[35m[AndroidDriver][39m Using device: emulator-5554
[35m[ADB][39m Using 'adb.exe' from 'C:\Users\hp\.katalon\tools\android_sdk\platform-tools\adb.exe'
[35m[ADB][39m Getting device platform version
[35m[UiAutomator2][39m Relaxing hidden api policy
[35m[ADB][39m Package name: 'com.solodroid.solomerce'
[35m[ADB][39m Main activity name: 'com.solodroid.solomerce.activities.ActivitySplash'
[35m[ADB][39m Using 'apksigner.jar' from 'C:\Users\hp\.katalon\tools\android_sdk\build-tools\29.0.0\lib\apksigner.jar'
[35m[ADB][39m 'C:\Users\hp\AppData\Roaming\npm\node_modules\appium\node_modules\appium-uiautomator2-server\apks\appium-uiautomator2-server-v4.15.0.apk' is signed with the default certificate
[35m[ADB][39m 'C:\Users\hp\AppData\Roaming\npm\node_modules\appium\node_modules\appium-uiautomator2-server\apks\appium-uiautomator2-server-debug-androidTest.apk' is signed with the default certificate
[35m[UiAutomator2][39m Server packages are not going to be (re)installed
[35m[ADB][39m 'C:\Users\hp\Downloads\ECommerceSAMPLEAndroid-201016-115534.apk' is signed with a non-default certificate
[35m[UiAutomator2][39m Starting UIAutomator2 server 4.15.0
[35m[UiAutomator2][39m Using UIAutomator2 server from 'C:\Users\hp\AppData\Roaming\npm\node_modules\appium\node_modules\appium-uiautomator2-server\apks\appium-uiautomator2-server-v4.15.0.apk' and test from 'C:\Users\hp\AppData\Roaming\npm\node_modules\appium\node_modules\appium-uiautomator2-server\apks\appium-uiautomator2-server-debug-androidTest.apk'
[35m[UiAutomator2][39m Waiting up to 30000ms for UiAutomator2 to be online...
[35m[WD Proxy][39m socket hang up
[35m[WD Proxy][39m socket hang up
[35m[WD Proxy][39m socket hang up
[35m[WD Proxy][39m Determined the downstream protocol as 'W3C'
[35m[AndroidDriver][39m Screen already unlocked, doing nothing
[35m[UiAutomator2][39m Starting 'com.solodroid.solomerce/com.solodroid.solomerce.activities.ActivitySplash and waiting for 'com.solodroid.solomerce/com.solodroid.solomerce.activities.ActivitySplash'
[35m[Appium][39m New AndroidUiautomator2Driver session created successfully, session 3dc69cf8-4797-42ab-a6cb-e245cc796ccc added to master session list
[35m[HTTP][39m [37m<-- POST /wd/hub/session [39m[32m200[39m [90m24189 ms - 1325[39m
[35m[HTTP][39m [90m[39m
[35m[HTTP][39m [37m-->[39m [37mGET[39m [37m/wd/hub/session/3dc69cf8-4797-42ab-a6cb-e245cc796ccc[39m
[35m[HTTP][39m [90m{}[39m
[35m[HTTP][39m [37m<-- GET /wd/hub/session/3dc69cf8-4797-42ab-a6cb-e245cc796ccc [39m[32m200[39m [90m34 ms - 1279[39m
[35m[HTTP][39m [90m[39m
[35m[HTTP][39m [37m-->[39m [37mGET[39m [37m/wd/hub/session/3dc69cf8-4797-42ab-a6cb-e245cc796ccc[39m
[35m[HTTP][39m [90m{}[39m
[35m[HTTP][39m [37m<-- GET /wd/hub/session/3dc69cf8-4797-42ab-a6cb-e245cc796ccc [39m[32m200[39m [90m82 ms - 1279[39m
[35m[HTTP][39m [90m[39m
[35m[HTTP][39m [37m-->[39m [37mGET[39m [37m/wd/hub/status[39m
[35m[HTTP][39m [90m{}[39m
[35m[HTTP][39m [37m<-- GET /wd/hub/status [39m[32m200[39m [90m2 ms - 68[39m
[35m[HTTP][39m [90m[39m
[35m[HTTP][39m [37m-->[39m [37mPOST[39m [37m/wd/hub/session/3dc69cf8-4797-42ab-a6cb-e245cc796ccc/timeouts[39m
[35m[HTTP][39m [90m{"implicit":60000}[39m
[35m[HTTP][39m [37m<-- POST /wd/hub/session/3dc69cf8-4797-42ab-a6cb-e245cc796ccc/timeouts [39m[32m200[39m [90m7 ms - 14[39m
[35m[HTTP][39m [90m[39m
[35m[HTTP][39m [37m-->[39m [37mGET[39m [37m/wd/hub/session/3dc69cf8-4797-42ab-a6cb-e245cc796ccc/source[39m
[35m[HTTP][39m [90m{}[39m
[35m[W3C (3dc69cf8)][39m Driver proxy active, passing request on via HTTP proxy
[35m[WD Proxy][39m Replacing sessionId 20f729d4-6942-4cd1-80cc-3490d9cb0a2d with 3dc69cf8-4797-42ab-a6cb-e245cc796ccc
[35m[HTTP][39m [37m<-- GET /wd/hub/session/3dc69cf8-4797-42ab-a6cb-e245cc796ccc/source [39m[32m200[39m [90m1954 ms - 17337[39m
[35m[HTTP][39m [90m[39m
[35m[HTTP][39m [37m-->[39m [37mGET[39m [37m/wd/hub/session/3dc69cf8-4797-42ab-a6cb-e245cc796ccc/screenshot[39m
[35m[HTTP][39m [90m{}[39m
[35m[HTTP][39m [37m<-- GET /wd/hub/session/3dc69cf8-4797-42ab-a6cb-e245cc796ccc/screenshot [39m[32m200[39m [90m2078 ms - 1373420[39m
[35m[HTTP][39m [90m[39m
[35m[HTTP][39m [37m-->[39m [37mGET[39m [37m/wd/hub/session/3dc69cf8-4797-42ab-a6cb-e245cc796ccc/source[39m
[35m[HTTP][39m [90m{}[39m
[35m[W3C (3dc69cf8)][39m Driver proxy active, passing request on via HTTP proxy
[35m[WD Proxy][39m Replacing sessionId 20f729d4-6942-4cd1-80cc-3490d9cb0a2d with 3dc69cf8-4797-42ab-a6cb-e245cc796ccc
[35m[HTTP][39m [37m<-- GET /wd/hub/session/3dc69cf8-4797-42ab-a6cb-e245cc796ccc/source [39m[32m200[39m [90m184 ms - 17242[39m
[35m[HTTP][39m [90m[39m
[35m[HTTP][39m [37m-->[39m [37mGET[39m [37m/wd/hub/session/3dc69cf8-4797-42ab-a6cb-e245cc796ccc/screenshot[39m
[35m[HTTP][39m [90m{}[39m
[35m[HTTP][39m [37m<-- GET /wd/hub/session/3dc69cf8-4797-42ab-a6cb-e245cc796ccc/screenshot [39m[32m200[39m [90m624 ms - 185336[39m
[35m[HTTP][39m [90m[39m
[35m[HTTP][39m [37m-->[39m [37mDELETE[39m [37m/wd/hub/session/3dc69cf8-4797-42ab-a6cb-e245cc796ccc[39m
[35m[HTTP][39m [90m{}[39m
[35m[Appium][39m Removing session 3dc69cf8-4797-42ab-a6cb-e245cc796ccc from our master session list
[35m[UiAutomator2][39m Restoring hidden api policy to the device default configuration
[35m[HTTP][39m [37m<-- DELETE /wd/hub/session/3dc69cf8-4797-42ab-a6cb-e245cc796ccc [39m[32m200[39m [90m2440 ms - 14[39m
[35m[HTTP][39m [90m[39m
